<?xml version="1.0" encoding="UTF-8"?>
<testsuite xmlns:xsi="http://www.w3.org/2001/XMLSchema-instance" xsi:noNamespaceSchemaLocation="https://maven.apache.org/surefire/maven-surefire-plugin/xsd/surefire-test-report.xsd" name="testmvn.AppTest" time="0.067" tests="1" errors="0" skipped="0" failures="0">
  <properties>
    <property name="sun.desktop" value="windows"/>
    <property name="awt.toolkit" value="sun.awt.windows.WToolkit"/>
    <property name="file.encoding.pkg" value="sun.io"/>
    <property name="java.specification.version" value="1.8"/>
    <property name="sun.cpu.isalist" value="pentium_pro+mmx pentium_pro pentium+mmx pentium i486 i386 i86"/>
    <property name="sun.jnu.encoding" value="Cp1252"/>
    <property name="java.class.path" value="C:\Users\lenovo\Desktop\chaine\helloproject\target\test-classes;C:\Users\lenovo\Desktop\chaine\helloproject\target\classes;C:\Windows\system32\config\systemprofile\.m2\repository\junit\junit\4.11\junit-4.11.jar;C:\Windows\system32\config\systemprofile\.m2\repository\org\hamcrest\hamcrest-core\1.3\hamcrest-core-1.3.jar;"/>
    <property name="java.vm.vendor" value="Oracle Corporation"/>
    <property name="sun.arch.data.model" value="32"/>
    <property name="user.variant" value=""/>
    <property name="java.vendor.url" value="http://java.oracle.com/"/>
    <property name="user.timezone" value="Europe/Paris"/>
    <property name="java.vm.specification.version" value="1.8"/>
    <property name="os.name" value="Windows 7"/>
    <property name="user.country" value="FR"/>
    <property name="sun.java.launcher" value="SUN_STANDARD"/>
    <property name="sun.boot.library.path" value="C:\Program Files (x86)\Jenkins\tools\hudson.model.JDK\jdk\jre\bin"/>
    <property name="sun.java.command" value="C:\Windows\TEMP\surefire755321090323454462\surefirebooter5969941591961431761.jar C:\Windows\Temp\surefire755321090323454462 2019-05-14T14-52-36_891-jvmRun1 surefire4843555554864726402tmp surefire_06649963250039810698tmp"/>
    <property name="surefire.test.class.path" value="C:\Users\lenovo\Desktop\chaine\helloproject\target\test-classes;C:\Users\lenovo\Desktop\chaine\helloproject\target\classes;C:\Windows\system32\config\systemprofile\.m2\repository\junit\junit\4.11\junit-4.11.jar;C:\Windows\system32\config\systemprofile\.m2\repository\org\hamcrest\hamcrest-core\1.3\hamcrest-core-1.3.jar;"/>
    <property name="sun.cpu.endian" value="little"/>
    <property name="user.home" value="C:\Windows\system32\config\systemprofile"/>
    <property name="user.language" value="fr"/>
    <property name="java.specification.vendor" value="Oracle Corporation"/>
    <property name="java.home" value="C:\Program Files (x86)\Jenkins\tools\hudson.model.JDK\jdk\jre"/>
    <property name="basedir" value="C:\Users\lenovo\Desktop\chaine\helloproject"/>
    <property name="file.separator" value="\"/>
    <property name="line.separator" value="&#10;"/>
    <property name="java.vm.specification.vendor" value="Oracle Corporation"/>
    <property name="java.specification.name" value="Java Platform API Specification"/>
    <property name="java.awt.graphicsenv" value="sun.awt.Win32GraphicsEnvironment"/>
    <property name="surefire.real.class.path" value="C:\Windows\TEMP\surefire755321090323454462\surefirebooter5969941591961431761.jar"/>
    <property name="sun.boot.class.path" value="C:\Program Files (x86)\Jenkins\tools\hudson.model.JDK\jdk\jre\lib\resources.jar;C:\Program Files (x86)\Jenkins\tools\hudson.model.JDK\jdk\jre\lib\rt.jar;C:\Program Files (x86)\Jenkins\tools\hudson.model.JDK\jdk\jre\lib\sunrsasign.jar;C:\Program Files (x86)\Jenkins\tools\hudson.model.JDK\jdk\jre\lib\jsse.jar;C:\Program Files (x86)\Jenkins\tools\hudson.model.JDK\jdk\jre\lib\jce.jar;C:\Program Files (x86)\Jenkins\tools\hudson.model.JDK\jdk\jre\lib\charsets.jar;C:\Program Files (x86)\Jenkins\tools\hudson.model.JDK\jdk\jre\lib\jfr.jar;C:\Program Files (x86)\Jenkins\tools\hudson.model.JDK\jdk\jre\classes"/>
    <property name="user.script" value=""/>
    <property name="sun.management.compiler" value="HotSpot Client Compiler"/>
    <property name="java.runtime.version" value="1.8.0_211-b12"/>
    <property name="user.name" value="LENOVO-PC$"/>
    <property name="path.separator" value=";"/>
    <property name="os.version" value="6.1"/>
    <property name="java.endorsed.dirs" value="C:\Program Files (x86)\Jenkins\tools\hudson.model.JDK\jdk\jre\lib\endorsed"/>
    <property name="java.runtime.name" value="Java(TM) SE Runtime Environment"/>
    <property name="file.encoding" value="Cp1252"/>
    <property name="java.vm.name" value="Java HotSpot(TM) Client VM"/>
    <property name="localRepository" value="C:\Windows\system32\config\systemprofile\.m2\repository"/>
    <property name="java.vendor.url.bug" value="http://bugreport.sun.com/bugreport/"/>
    <property name="java.io.tmpdir" value="C:\Windows\TEMP\"/>
    <property name="java.version" value="1.8.0_211"/>
    <property name="user.dir" value="C:\Users\lenovo\Desktop\chaine\helloproject"/>
    <property name="os.arch" value="x86"/>
    <property name="java.vm.specification.name" value="Java Virtual Machine Specification"/>
    <property name="java.awt.printerjob" value="sun.awt.windows.WPrinterJob"/>
    <property name="sun.os.patch.level" value="Service Pack 1"/>
    <property name="java.library.path" value="C:\Program Files (x86)\Jenkins\tools\hudson.model.JDK\jdk\jre\bin;C:\Windows\Sun\Java\bin;C:\Windows\system32;C:\Windows;C:\Program Files (x86)\Jenkins\tools\hudson.tasks.Maven_MavenInstallation\maven/bin;C:\Program Files (x86)\Jenkins\tools\hudson.model.JDK\jdk/bin;C:\Program Files (x86)\Jenkins\tools\hudson.model.JDK\jdk/bin;C:\Program Files (x86)\Common Files\Oracle\Java\javapath;C:\Program Files\Java\jdk-11.0.2\bin;C:\apache-maven-3.6.1\bin;;."/>
    <property name="java.vm.info" value="mixed mode, sharing"/>
    <property name="java.vendor" value="Oracle Corporation"/>
    <property name="java.vm.version" value="25.211-b12"/>
    <property name="java.ext.dirs" value="C:\Program Files (x86)\Jenkins\tools\hudson.model.JDK\jdk\jre\lib\ext;C:\Windows\Sun\Java\lib\ext"/>
    <property name="sun.io.unicode.encoding" value="UnicodeLittle"/>
    <property name="java.class.version" value="52.0"/>
  </properties>
  <testcase name="shouldAnswerWithTrue" classname="testmvn.AppTest" time="0.004"/>
</testsuite>